

Microchip Technology PIC LITE Macro Assembler V1.33 build 59893 
                                                                                               Wed Jun 24 10:23:48 2015

Microchip Technology Omniscient Code Generator (Lite mode) build 59893
     1                           	processor	16F877A
     2                           	opt	pw 120
     3                           	opt	lm
     4                           	psect	maintext,global,class=CODE,split=1,delta=2
     5                           	psect	cinit,global,class=CODE,merge=1,delta=2
     6                           	psect	cstackCOMMON,global,class=COMMON,space=1,delta=1
     7                           	dabs	1,0x7E,2
     8  0000                     	;# 
     9  0001                     	;# 
    10  0002                     	;# 
    11  0003                     	;# 
    12  0004                     	;# 
    13  0005                     	;# 
    14  0006                     	;# 
    15  0007                     	;# 
    16  0008                     	;# 
    17  0009                     	;# 
    18  000A                     	;# 
    19  000B                     	;# 
    20  000C                     	;# 
    21  000D                     	;# 
    22  000E                     	;# 
    23  000E                     	;# 
    24  000F                     	;# 
    25  0010                     	;# 
    26  0011                     	;# 
    27  0012                     	;# 
    28  0013                     	;# 
    29  0014                     	;# 
    30  0015                     	;# 
    31  0015                     	;# 
    32  0016                     	;# 
    33  0017                     	;# 
    34  0018                     	;# 
    35  0019                     	;# 
    36  001A                     	;# 
    37  001B                     	;# 
    38  001B                     	;# 
    39  001C                     	;# 
    40  001D                     	;# 
    41  001E                     	;# 
    42  001F                     	;# 
    43  0081                     	;# 
    44  0085                     	;# 
    45  0086                     	;# 
    46  0087                     	;# 
    47  0088                     	;# 
    48  0089                     	;# 
    49  008C                     	;# 
    50  008D                     	;# 
    51  008E                     	;# 
    52  0091                     	;# 
    53  0092                     	;# 
    54  0093                     	;# 
    55  0094                     	;# 
    56  0098                     	;# 
    57  0099                     	;# 
    58  009C                     	;# 
    59  009D                     	;# 
    60  009E                     	;# 
    61  009F                     	;# 
    62  010C                     	;# 
    63  010D                     	;# 
    64  010E                     	;# 
    65  010F                     	;# 
    66  018C                     	;# 
    67  018D                     	;# 
    68  0005                     _PORTAbits	set	5
    69  0085                     _TRISA	set	133
    70  0086                     _TRISB	set	134
    71  0088                     _TRISD	set	136
    72  0089                     _TRISE	set	137
    73                           
    74                           	psect	maintext
    75  07D3                     __pmaintext:	
    76                           ; #config settings
    77                           
    78                           
    79                           ;psect for function _main
    80  0000                     
    81 ;;
    82 ;;Main: autosize = 0, tempsize = 3, incstack = 0, save=0
    83 ;;
    84 ;; *************** function _main *****************
    85 ;; Defined at:
    86 ;;		line 19 in file "main.c"
    87 ;; Parameters:    Size  Location     Type
    88 ;;		None
    89 ;; Auto vars:     Size  Location     Type
    90 ;;		None
    91 ;; Return value:  Size  Location     Type
    92 ;;                  2   14[COMMON] int 
    93 ;; Registers used:
    94 ;;		wreg, status,2
    95 ;; Tracked objects:
    96 ;;		On entry : 17F/0
    97 ;;		On exit  : 0/0
    98 ;;		Unchanged: 0/0
    99 ;; Data sizes:     COMMON   BANK0   BANK1   BANK3   BANK2
   100 ;;      Params:         0       0       0       0       0
   101 ;;      Locals:         0       0       0       0       0
   102 ;;      Temps:          3       0       0       0       0
   103 ;;      Totals:         3       0       0       0       0
   104 ;;Total ram usage:        3 bytes
   105 ;; This function calls:
   106 ;;		Nothing
   107 ;; This function is called by:
   108 ;;		Startup code after reset
   109 ;; This function uses a non-reentrant model
   110 ;;
   111  07D3                     _main:	
   112                           
   113                           ;main.c: 22: TRISA = 0x00000011;
   114                           
   115                           ;incstack = 0
   116                           ; Regs used in _main: [wreg+status,2]
   117  07D3  3011               	movlw	17
   118  07D4  1683               	bsf	3,5	;RP0=1, select bank1
   119  07D5  1303               	bcf	3,6	;RP1=0, select bank1
   120  07D6  0085               	movwf	5	;volatile
   121                           
   122                           ;main.c: 23: TRISB = 0x11111111;
   123  07D7  3011               	movlw	17
   124  07D8  0086               	movwf	6	;volatile
   125                           
   126                           ;main.c: 25: TRISD = 0x11111100;
   127  07D9  0188               	clrf	8	;volatile
   128                           
   129                           ;main.c: 26: TRISE = 0x00000000;
   130  07DA  0189               	clrf	9	;volatile
   131  07DB                     l481:	
   132                           ;main.c: 28: while(1) {
   133                           
   134                           
   135                           ;main.c: 29: PORTAbits.RA2 = 1;
   136  07DB  1283               	bcf	3,5	;RP0=0, select bank0
   137  07DC  1303               	bcf	3,6	;RP1=0, select bank0
   138  07DD  1505               	bsf	5,2	;volatile
   139                           
   140                           ;main.c: 30: _delay((unsigned long) ((1000)*(20000000/4000.0)));
   141  07DE  301A               	movlw	26
   142  07DF  00F2               	movwf	??_main+2
   143  07E0  305E               	movlw	94
   144  07E1  00F1               	movwf	??_main+1
   145  07E2  3086               	movlw	134
   146  07E3  00F0               	movwf	??_main
   147  07E4                     u17:	
   148  07E4  0BF0               	decfsz	??_main,f
   149  07E5  2FE4               	goto	u17
   150  07E6  0BF1               	decfsz	??_main+1,f
   151  07E7  2FE4               	goto	u17
   152  07E8  0BF2               	decfsz	??_main+2,f
   153  07E9  2FE4               	goto	u17
   154  07EA  0000               	nop
   155                           
   156                           ;main.c: 31: PORTAbits.RA2 = 0;
   157  07EB  1283               	bcf	3,5	;RP0=0, select bank0
   158  07EC  1303               	bcf	3,6	;RP1=0, select bank0
   159  07ED  1105               	bcf	5,2	;volatile
   160                           
   161                           ;main.c: 32: _delay((unsigned long) ((1000)*(20000000/4000.0)));
   162  07EE  301A               	movlw	26
   163  07EF  00F2               	movwf	??_main+2
   164  07F0  305E               	movlw	94
   165  07F1  00F1               	movwf	??_main+1
   166  07F2  3086               	movlw	134
   167  07F3  00F0               	movwf	??_main
   168  07F4                     u27:	
   169  07F4  0BF0               	decfsz	??_main,f
   170  07F5  2FF4               	goto	u27
   171  07F6  0BF1               	decfsz	??_main+1,f
   172  07F7  2FF4               	goto	u27
   173  07F8  0BF2               	decfsz	??_main+2,f
   174  07F9  2FF4               	goto	u27
   175  07FA  0000               	nop
   176  07FB  2FDB               	goto	l481
   177  07FC                     __end_of_main:	
   178                           ;main.c: 33: }
   179                           ;main.c: 35: return;
   180                           
   181  007E                     btemp	set	126	;btemp
   182  007E                     wtemp	set	126
   183  007E                     wtemp0	set	126
   184  0080                     wtemp1	set	128
   185  0082                     wtemp2	set	130
   186  0084                     wtemp3	set	132
   187  0086                     wtemp4	set	134
   188  0088                     wtemp5	set	136
   189  007F                     wtemp6	set	127
   190  007E                     ttemp	set	126
   191  007E                     ttemp0	set	126
   192  0081                     ttemp1	set	129
   193  0084                     ttemp2	set	132
   194  0087                     ttemp3	set	135
   195  007F                     ttemp4	set	127
   196  007E                     ltemp	set	126
   197  007E                     ltemp0	set	126
   198  0082                     ltemp1	set	130
   199  0086                     ltemp2	set	134
   200  0080                     ltemp3	set	128
   201                           
   202                           	psect	cinit
   203  07FC                     start_initialization:	
   204  07FC                     __initialization:	
   205  07FC                     end_of_initialization:	
   206                           ;End of C runtime variable initialization code
   207                           
   208  07FC                     __end_of__initialization:	
   209  07FC  0183               	clrf	3
   210  07FD  120A  118A  2FD3   	ljmp	_main	;jump to C main() function
   211                           
   212                           	psect	cstackCOMMON
   213  0070                     __pcstackCOMMON:	
   214  0070                     ??_main:	
   215  0070                     ?_main:	
   216                           ; 0 bytes @ 0x0
   217                           
   218                           
   219                           ; 2 bytes @ 0x0
   220  0070                     	ds	3


Data Sizes:
    Strings     0
    Constant    0
    Data        0
    BSS         0
    Persistent  0
    Stack       0

Auto Spaces:
    Space          Size  Autos    Used
    COMMON           14      3       3
    BANK0            80      0       0
    BANK1            80      0       0
    BANK3            96      0       0
    BANK2            96      0       0

Pointer List with Targets:

    None.

Critical Paths under _main in COMMON

    None.

Critical Paths under _main in BANK0

    None.

Critical Paths under _main in BANK1

    None.

Critical Paths under _main in BANK3

    None.

Critical Paths under _main in BANK2

    None.

Call Graph Tables:

 ---------------------------------------------------------------------------------
 (Depth) Function   	        Calls       Base Space   Used Autos Params    Refs
 ---------------------------------------------------------------------------------
 (0) _main                                                 3     3      0       0
                                              0 COMMON     3     3      0
 ---------------------------------------------------------------------------------
 Estimated maximum stack depth 0
 ---------------------------------------------------------------------------------

 Call Graph Graphs:

 _main (ROOT)

 Address spaces:
Name               Size   Autos  Total    Cost      Usage
BITCOMMON            E      0       0       0        0.0%
EEDATA             100      0       0       0        0.0%
NULL                 0      0       0       0        0.0%
CODE                 0      0       0       0        0.0%
COMMON               E      3       3       1       21.4%
BITSFR0              0      0       0       1        0.0%
SFR0                 0      0       0       1        0.0%
BITSFR1              0      0       0       2        0.0%
SFR1                 0      0       0       2        0.0%
STACK                0      0       0       2        0.0%
ABS                  0      0       0       3        0.0%
BITBANK0            50      0       0       4        0.0%
BITSFR3              0      0       0       4        0.0%
SFR3                 0      0       0       4        0.0%
BANK0               50      0       0       5        0.0%
BITSFR2              0      0       0       5        0.0%
SFR2                 0      0       0       5        0.0%
BITBANK1            50      0       0       6        0.0%
BANK1               50      0       0       7        0.0%
BITBANK3            60      0       0       8        0.0%
BANK3               60      0       0       9        0.0%
BITBANK2            60      0       0      10        0.0%
BANK2               60      0       0      11        0.0%
DATA                 0      0       0      12        0.0%


Microchip Technology PIC Macro Assembler V1.33 build 59893 
Symbol Table                                                                                   Wed Jun 24 10:23:48 2015

            __CFG_CP$OFF 0000                       u17 07E4                       u27 07F4  
                    l481 07DB             __CFG_CPD$OFF 0000             __CFG_FOSC$HS 0000  
           __CFG_LVP$OFF 0000             __CFG_WRT$OFF 0000                     _main 07D3  
                   btemp 007E            __CFG_BOREN$ON 0000                     ltemp 007E  
                   start 0000                     ttemp 007E                     wtemp 007E  
                  ?_main 0070            __CFG_WDTE$OFF 0000                    _TRISA 0085  
                  _TRISB 0086                    _TRISD 0088                    _TRISE 0089  
          __CFG_PWRTE$ON 0000                    ltemp0 007E                    ltemp1 0082  
                  ltemp2 0086                    ltemp3 0080                    ttemp0 007E  
                  ttemp1 0081                    ttemp2 0084                    ttemp3 0087  
                  ttemp4 007F                    status 0003                    wtemp0 007E  
                  wtemp1 0080                    wtemp2 0082                    wtemp3 0084  
                  wtemp4 0086                    wtemp5 0088                    wtemp6 007F  
        __initialization 07FC             __end_of_main 07FC                   ??_main 0070  
__end_of__initialization 07FC           __pcstackCOMMON 0070               __pmaintext 07D3  
   end_of_initialization 07FC                _PORTAbits 0005      start_initialization 07FC  
              ___latbits 0002            __size_of_main 0029  
